<?xml version="1.0" encoding="UTF-8"?>
<!-- Generated by org.testng.reporters.JUnitReportReporter -->
<testsuite hostname="DESKTOP-M99MILP" failures="0" tests="2" name="cucumberOptions.TestRunnerTestNg" time="0.521" errors="0" timestamp="2022-11-25T13:24:14 IST" skipped="0">
  <testcase classname="cucumberOptions.TestRunnerTestNg" name="runScenario" time="0.489"/>
  <system-out/>
  <testcase classname="cucumberOptions.TestRunnerTestNg" name="runScenario" time="0.032"/>
  <system-out/>
</testsuite> <!-- cucumberOptions.TestRunnerTestNg -->
