<?xml version="1.0" encoding="UTF-8"?>
<!-- Generated by org.testng.reporters.JUnitReportReporter -->
<testsuite hostname="DESKTOP-M99MILP" failures="0" tests="1" name="Cucumber.Automation.AppTest" time="0.011" errors="0" timestamp="2022-11-25T13:24:14 IST" skipped="0">
  <testcase classname="Cucumber.Automation.AppTest" name="shouldAnswerWithTrue" time="0.011"/>
  <system-out/>
</testsuite> <!-- Cucumber.Automation.AppTest -->
