<?xml version="1.0" encoding="UTF-8"?>
<!-- Generated by org.testng.reporters.JUnitReportReporter -->
<testsuite hostname="DESKTOP-M99MILP" failures="0" tests="2" name="cucumberOptions.TestRunnerTestNg" time="0.536" errors="0" timestamp="2022-11-25T13:22:22 IST" skipped="0">
  <testcase classname="cucumberOptions.TestRunnerTestNg" name="runScenario" time="0.061"/>
  <system-out/>
  <testcase classname="cucumberOptions.TestRunnerTestNg" name="runScenario" time="0.475"/>
  <system-out/>
</testsuite> <!-- cucumberOptions.TestRunnerTestNg -->
